2023-04-30 15:52:09,597 - root - INFO - Epoch 0; loss: 171.31393432617188; CER: 1.0111536979675293; WER: 1.1301559209823608; val_loss: 114.75294494628906; val_CER: 0.9903494119644165; val_WER: 1.0
2023-04-30 15:58:34,705 - root - INFO - Epoch 1; loss: 110.21530151367188; CER: 0.9847909808158875; WER: 1.0055361986160278; val_loss: 107.40693664550781; val_CER: 0.9997637271881104; val_WER: 1.0
2023-04-30 16:04:55,428 - root - INFO - Epoch 2; loss: 107.76467895507812; CER: 0.9994934797286987; WER: 0.9995707273483276; val_loss: 106.94390106201172; val_CER: 0.999763548374176; val_WER: 1.0
2023-04-30 16:11:21,790 - root - INFO - Epoch 3; loss: 107.43681335449219; CER: 0.9990424513816833; WER: 0.9974627494812012; val_loss: 106.49909973144531; val_CER: 0.9998456835746765; val_WER: 1.0
2023-04-30 16:18:38,990 - root - INFO - Epoch 4; loss: 107.08663940429688; CER: 0.998563289642334; WER: 0.9946891665458679; val_loss: 106.48906707763672; val_CER: 1.0; val_WER: 1.0
2023-04-30 16:25:04,288 - root - INFO - Epoch 5; loss: 102.3064193725586; CER: 0.9251218438148499; WER: 1.0124351978302002; val_loss: 223.90139770507812; val_CER: 1.0; val_WER: 1.0
2023-04-30 16:32:23,029 - root - INFO - Epoch 6; loss: 85.31490325927734; CER: 0.7547251582145691; WER: 1.0083950757980347; val_loss: 79.8879165649414; val_CER: 0.7268977761268616; val_WER: 0.963934600353241
2023-04-30 16:38:51,105 - root - INFO - Epoch 7; loss: 71.0503158569336; CER: 0.6194269061088562; WER: 0.9314666986465454; val_loss: 59.7076416015625; val_CER: 0.5260630249977112; val_WER: 0.8606742024421692
2023-04-30 16:45:14,493 - root - INFO - Epoch 8; loss: 51.704524993896484; CER: 0.436985045671463; WER: 0.8061283230781555; val_loss: 60.77691650390625; val_CER: 0.5416940450668335; val_WER: 0.9659505486488342
2023-04-30 16:52:34,306 - root - INFO - Epoch 9; loss: 37.792964935302734; CER: 0.31529903411865234; WER: 0.6979673504829407; val_loss: 30.90869140625; val_CER: 0.25844746828079224; val_WER: 0.6194735765457153
2023-04-30 16:58:47,438 - root - INFO - Epoch 10; loss: 30.296979904174805; CER: 0.2544032335281372; WER: 0.6115615367889404; val_loss: 23.060522079467773; val_CER: 0.18795247375965118; val_WER: 0.5043560862541199
2023-04-30 17:05:02,561 - root - INFO - Epoch 11; loss: 25.70758628845215; CER: 0.2164638340473175; WER: 0.5508603453636169; val_loss: 19.4029541015625; val_CER: 0.1554049551486969; val_WER: 0.44268664717674255
2023-04-30 17:11:24,009 - root - INFO - Epoch 12; loss: 22.588607788085938; CER: 0.19087085127830505; WER: 0.5080235600471497; val_loss: 17.870086669921875; val_CER: 0.14416441321372986; val_WER: 0.4154031574726105
2023-04-30 17:17:34,282 - root - INFO - Epoch 13; loss: 20.339767456054688; CER: 0.17339135706424713; WER: 0.4744722843170166; val_loss: 15.523951530456543; val_CER: 0.13053478300571442; val_WER: 0.38872477412223816
2023-04-30 17:23:44,650 - root - INFO - Epoch 14; loss: 18.57829475402832; CER: 0.15889307856559753; WER: 0.44325026869773865; val_loss: 15.043195724487305; val_CER: 0.12129099667072296; val_WER: 0.3619958460330963
2023-04-30 17:30:04,976 - root - INFO - Epoch 15; loss: 17.039331436157227; CER: 0.14591099321842194; WER: 0.4151408076286316; val_loss: 13.237564086914062; val_CER: 0.10908668488264084; val_WER: 0.33995094895362854
2023-04-30 17:36:24,933 - root - INFO - Epoch 16; loss: 15.960705757141113; CER: 0.1375635266304016; WER: 0.3994443118572235; val_loss: 12.248966217041016; val_CER: 0.09895919263362885; val_WER: 0.31564339995384216
2023-04-30 17:42:38,399 - root - INFO - Epoch 17; loss: 14.843257904052734; CER: 0.12819746136665344; WER: 0.3770465850830078; val_loss: 12.516929626464844; val_CER: 0.09989587217569351; val_WER: 0.31253474950790405
2023-04-30 17:48:56,941 - root - INFO - Epoch 18; loss: 13.910621643066406; CER: 0.11985205858945847; WER: 0.357824444770813; val_loss: 11.275946617126465; val_CER: 0.09154102951288223; val_WER: 0.2981538474559784
2023-04-30 17:55:10,853 - root - INFO - Epoch 19; loss: 13.13760757446289; CER: 0.11542008072137833; WER: 0.34588858485221863; val_loss: 12.864860534667969; val_CER: 0.10088619589805603; val_WER: 0.31238746643066406
2023-04-30 18:01:29,001 - root - INFO - Epoch 20; loss: 12.525177955627441; CER: 0.10955701023340225; WER: 0.33293965458869934; val_loss: 94.30704498291016; val_CER: 0.6008635759353638; val_WER: 0.9538973569869995
2023-04-30 18:07:46,484 - root - INFO - Epoch 21; loss: 12.223944664001465; CER: 0.10715238749980927; WER: 0.325507789850235; val_loss: 10.484522819519043; val_CER: 0.08439029008150101; val_WER: 0.27323147654533386
2023-04-30 18:14:05,938 - root - INFO - Epoch 22; loss: 11.259764671325684; CER: 0.09825080633163452; WER: 0.30576542019844055; val_loss: 60.116092681884766; val_CER: 0.4514963626861572; val_WER: 0.9496303796768188
2023-04-30 18:20:21,147 - root - INFO - Epoch 23; loss: 10.988991737365723; CER: 0.09736727178096771; WER: 0.3017546236515045; val_loss: 51.29085922241211; val_CER: 0.36358678340911865; val_WER: 0.8424937129020691
2023-04-30 18:26:47,981 - root - INFO - Epoch 24; loss: 10.278003692626953; CER: 0.0904625952243805; WER: 0.28408581018447876; val_loss: 9.848601341247559; val_CER: 0.0806657150387764; val_WER: 0.25566521286964417
2023-04-30 18:33:00,467 - root - INFO - Epoch 25; loss: 9.81882095336914; CER: 0.08688066899776459; WER: 0.2751021683216095; val_loss: 12.734694480895996; val_CER: 0.10929150134325027; val_WER: 0.35995376110076904
2023-04-30 18:39:21,556 - root - INFO - Epoch 26; loss: 9.457765579223633; CER: 0.0843157097697258; WER: 0.27010995149612427; val_loss: 9.117244720458984; val_CER: 0.07460707426071167; val_WER: 0.2394927442073822
2023-04-30 18:45:42,511 - root - INFO - Epoch 27; loss: 9.082938194274902; CER: 0.08051156252622604; WER: 0.2603147327899933; val_loss: 8.78629207611084; val_CER: 0.06937449425458908; val_WER: 0.22702011466026306
2023-04-30 18:52:10,244 - root - INFO - Epoch 28; loss: 8.706022262573242; CER: 0.07698287069797516; WER: 0.25522011518478394; val_loss: 8.88617992401123; val_CER: 0.07132361829280853; val_WER: 0.23284399509429932
2023-04-30 18:58:25,770 - root - INFO - Epoch 29; loss: 8.420004844665527; CER: 0.07440013438463211; WER: 0.2474111169576645; val_loss: 9.088150024414062; val_CER: 0.06995107233524323; val_WER: 0.2280893325805664
2023-04-30 19:04:37,633 - root - INFO - Epoch 30; loss: 8.216453552246094; CER: 0.07181000709533691; WER: 0.24342498183250427; val_loss: 8.938445091247559; val_CER: 0.07144257426261902; val_WER: 0.23244011402130127
2023-04-30 19:10:47,171 - root - INFO - Epoch 31; loss: 7.842025279998779; CER: 0.06735679507255554; WER: 0.2327154129743576; val_loss: 9.011138916015625; val_CER: 0.07087520509958267; val_WER: 0.22635924816131592
2023-04-30 19:16:56,663 - root - INFO - Epoch 32; loss: 7.975651741027832; CER: 0.0688035637140274; WER: 0.23682384192943573; val_loss: 10.506109237670898; val_CER: 0.07867085188627243; val_WER: 0.2480839490890503
2023-04-30 19:23:20,432 - root - INFO - Epoch 33; loss: 7.166553497314453; CER: 0.06116707995533943; WER: 0.21751239895820618; val_loss: 8.56574821472168; val_CER: 0.06528739631175995; val_WER: 0.21562783420085907
2023-04-30 19:29:43,411 - root - INFO - Epoch 34; loss: 6.668771743774414; CER: 0.05688432604074478; WER: 0.2056935578584671; val_loss: 11.603899955749512; val_CER: 0.0838044211268425; val_WER: 0.26295527815818787
2023-04-30 19:36:07,803 - root - INFO - Epoch 35; loss: 6.550734519958496; CER: 0.055073145776987076; WER: 0.20064400136470795; val_loss: 8.387304306030273; val_CER: 0.06378206610679626; val_WER: 0.21171635389328003
2023-04-30 19:42:27,185 - root - INFO - Epoch 36; loss: 6.342635154724121; CER: 0.05390588194131851; WER: 0.19793139398097992; val_loss: 8.491591453552246; val_CER: 0.06587717682123184; val_WER: 0.21691809594631195
2023-04-30 19:48:54,344 - root - INFO - Epoch 37; loss: 6.219651222229004; CER: 0.05324942246079445; WER: 0.19557511806488037; val_loss: 7.8866047859191895; val_CER: 0.061977799981832504; val_WER: 0.20276981592178345
2023-04-30 19:48:55,192 - tf2onnx.tfonnx - INFO - Using tensorflow=2.10.0, onnx=1.12.0, tf2onnx=1.13.0/2c1db5
2023-04-30 19:48:55,192 - tf2onnx.tfonnx - INFO - Using opset <onnx, 13>
2023-04-30 19:28:55,288 - tf2onnx.tf_utils - INFO - Computed 0 values for constant folding
2023-04-30 19:28:55,290 - tf2onnx.tf_utils - INFO - Computed 0 values for constant folding
2023-04-30 19:48:55,293 - tf2onnx.tf_utils - INFO - Computed 0 values for constant folding
2023-04-30 19:48:55,297 - tf2onnx.tf_utils - INFO - Computed 0 values for constant folding
2023-04-30 19:48:55,298 - tf2onnx.tf_utils - INFO - Computed 0 values for constant folding
2023-04-30 19:48:55,302 - tf2onnx.tf_utils - INFO - Computed 0 values for constant folding
2023-04-30 19:48:55,303 - tf2onnx.tf_utils - INFO - Computed 0 values for constant folding
2023-04-30 19:48:55,305 - tf2onnx.tf_utils - INFO - Computed 0 values for constant folding
2023-04-30 19:48:55,343 - tf2onnx.tf_utils - INFO - Computed 2 values for constant folding
2023-04-30 19:48:55,403 - tf2onnx.tfonnx - INFO - folding node using tf type=StridedSlice, name=model/bidirectional/forward_lstm/PartitionedCall/strided_slice
2023-04-30 19:48:55,403 - tf2onnx.tfonnx - INFO - folding node using tf type=StridedSlice, name=model/bidirectional/backward_lstm/PartitionedCall/strided_slice
2023-04-30 19:48:55,577 - tf2onnx.optimizer - INFO - Optimizing ONNX model
2023-04-30 19:48:55,928 - tf2onnx.optimizer - INFO - After optimization: BatchNormalization -18 (18->0), Cast -8 (17->9), Concat -8 (17->9), Const -173 (243->70), Expand -6 (8->2), Gather +3 (2->5), Identity -2 (2->0), Shape -2 (6->4), Slice -2 (9->7), Squeeze -5 (9->4), Transpose -86 (90->4), Unsqueeze -25 (29->4)
